{"/Users/bagsumin/Desktop/VOIM client/src/background/utils/getExtensionUrl.ts": {"path":"/Users/bagsumin/Desktop/VOIM client/src/background/utils/getExtensionUrl.ts","statementMap":{"0":{"start":{"line":2,"column":4},"end":{"line":10,"column":null}},"1":{"start":{"line":7,"column":8},"end":{"line":7,"column":43}},"2":{"start":{"line":9,"column":8},"end":{"line":9,"column":33}},"3":{"start":{"line":1,"column":0},"end":{"line":1,"column":16}}},"fnMap":{"0":{"name":"getExtensionUrl","decl":{"start":{"line":1,"column":16},"end":{"line":1,"column":31}},"loc":{"start":{"line":1,"column":44},"end":{"line":11,"column":1}}}},"branchMap":{"0":{"loc":{"start":{"line":2,"column":4},"end":{"line":10,"column":null}},"type":"if","locations":[{"start":{"line":2,"column":4},"end":{"line":10,"column":null}},{"start":{"line":8,"column":11},"end":{"line":10,"column":null}}]},"1":{"loc":{"start":{"line":3,"column":8},"end":{"line":5,"column":29}},"type":"binary-expr","locations":[{"start":{"line":3,"column":8},"end":{"line":3,"column":37}},{"start":{"line":4,"column":8},"end":{"line":4,"column":22}},{"start":{"line":5,"column":8},"end":{"line":5,"column":29}}]}},"s":{"0":20,"1":1,"2":19,"3":4},"f":{"0":20},"b":{"0":[1,19],"1":[20,15,15]}}
,"/Users/bagsumin/Desktop/VOIM client/src/components/floatingButton/component.tsx": {"path":"/Users/bagsumin/Desktop/VOIM client/src/components/floatingButton/component.tsx","statementMap":{"0":{"start":{"line":1,"column":0},"end":{"line":1,"column":26}},"1":{"start":{"line":2,"column":0},"end":{"line":2,"column":37}},"2":{"start":{"line":3,"column":0},"end":{"line":3,"column":72}},"3":{"start":{"line":9,"column":24},"end":{"line":24,"column":2}},"4":{"start":{"line":26,"column":20},"end":{"line":32,"column":2}},"5":{"start":{"line":34,"column":40},"end":{"line":34,"column":63}},"6":{"start":{"line":35,"column":4},"end":{"line":42,"column":6}},"7":{"start":{"line":34,"column":0},"end":{"line":34,"column":16}}},"fnMap":{"0":{"name":"FloatingButton","decl":{"start":{"line":34,"column":16},"end":{"line":34,"column":30}},"loc":{"start":{"line":34,"column":63},"end":{"line":43,"column":1}}}},"branchMap":{"0":{"loc":{"start":{"line":9,"column":34},"end":{"line":24,"column":2}},"type":"binary-expr","locations":[{"start":{"line":9,"column":34},"end":{"line":9,"column":null}},{"start":{"line":9,"column":34},"end":{"line":24,"column":2}}]},"1":{"loc":{"start":{"line":26,"column":30},"end":{"line":32,"column":2}},"type":"binary-expr","locations":[{"start":{"line":26,"column":30},"end":{"line":26,"column":null}},{"start":{"line":26,"column":30},"end":{"line":32,"column":2}}]}},"s":{"0":1,"1":1,"2":1,"3":1,"4":1,"5":2,"6":2,"7":1},"f":{"0":2},"b":{"0":[1,1],"1":[1,1]}}
,"/Users/bagsumin/Desktop/VOIM client/src/components/menubar/component.tsx": {"path":"/Users/bagsumin/Desktop/VOIM client/src/components/menubar/component.tsx","statementMap":{"0":{"start":{"line":1,"column":0},"end":{"line":1,"column":26}},"1":{"start":{"line":2,"column":0},"end":{"line":2,"column":37}},"2":{"start":{"line":3,"column":0},"end":{"line":3,"column":72}},"3":{"start":{"line":4,"column":0},"end":{"line":4,"column":43}},"4":{"start":{"line":12,"column":21},"end":{"line":23,"column":2}},"5":{"start":{"line":25,"column":23},"end":{"line":35,"column":2}},"6":{"start":{"line":37,"column":32},"end":{"line":37,"column":34}},"7":{"start":{"line":37,"column":41},"end":{"line":37,"column":43}},"8":{"start":{"line":37,"column":51},"end":{"line":37,"column":65}},"9":{"start":{"line":38,"column":31},"end":{"line":42,"column":5}},"10":{"start":{"line":39,"column":8},"end":{"line":41,"column":null}},"11":{"start":{"line":40,"column":12},"end":{"line":40,"column":22}},"12":{"start":{"line":44,"column":32},"end":{"line":57,"column":5}},"13":{"start":{"line":45,"column":8},"end":{"line":56,"column":15}},"14":{"start":{"line":50,"column":16},"end":{"line":52,"column":null}},"15":{"start":{"line":51,"column":20},"end":{"line":51,"column":50}},"16":{"start":{"line":55,"column":16},"end":{"line":55,"column":52}},"17":{"start":{"line":59,"column":4},"end":{"line":61,"column":null}},"18":{"start":{"line":60,"column":8},"end":{"line":60,"column":20}},"19":{"start":{"line":63,"column":4},"end":{"line":85,"column":6}},"20":{"start":{"line":37,"column":0},"end":{"line":37,"column":16}},"21":{"start":{"line":88,"column":0},"end":{"line":88,"column":23}}},"fnMap":{"0":{"name":"Menubar","decl":{"start":{"line":37,"column":16},"end":{"line":37,"column":23}},"loc":{"start":{"line":37,"column":65},"end":{"line":86,"column":1}}},"1":{"name":"(anonymous_3)","decl":{"start":{"line":38,"column":31},"end":{"line":38,"column":32}},"loc":{"start":{"line":38,"column":67},"end":{"line":42,"column":5}}},"2":{"name":"(anonymous_4)","decl":{"start":{"line":44,"column":32},"end":{"line":44,"column":null}},"loc":{"start":{"line":44,"column":32},"end":{"line":57,"column":5}}},"3":{"name":"(anonymous_5)","decl":{"start":{"line":49,"column":18},"end":{"line":49,"column":19}},"loc":{"start":{"line":49,"column":27},"end":{"line":53,"column":13}}},"4":{"name":"(anonymous_6)","decl":{"start":{"line":54,"column":19},"end":{"line":54,"column":20}},"loc":{"start":{"line":54,"column":25},"end":{"line":56,"column":13}}}},"branchMap":{"0":{"loc":{"start":{"line":12,"column":31},"end":{"line":23,"column":2}},"type":"binary-expr","locations":[{"start":{"line":12,"column":31},"end":{"line":12,"column":52}},{"start":{"line":12,"column":31},"end":{"line":23,"column":2}}]},"1":{"loc":{"start":{"line":25,"column":33},"end":{"line":35,"column":2}},"type":"binary-expr","locations":[{"start":{"line":25,"column":33},"end":{"line":25,"column":null}},{"start":{"line":25,"column":33},"end":{"line":35,"column":2}}]},"2":{"loc":{"start":{"line":39,"column":8},"end":{"line":41,"column":null}},"type":"if","locations":[{"start":{"line":39,"column":8},"end":{"line":41,"column":null}}]},"3":{"loc":{"start":{"line":50,"column":16},"end":{"line":52,"column":null}},"type":"if","locations":[{"start":{"line":50,"column":16},"end":{"line":52,"column":null}}]},"4":{"loc":{"start":{"line":50,"column":20},"end":{"line":50,"column":48}},"type":"binary-expr","locations":[{"start":{"line":50,"column":20},"end":{"line":50,"column":28}},{"start":{"line":50,"column":32},"end":{"line":50,"column":48}}]},"5":{"loc":{"start":{"line":59,"column":4},"end":{"line":61,"column":null}},"type":"if","locations":[{"start":{"line":59,"column":4},"end":{"line":61,"column":null}}]}},"s":{"0":1,"1":1,"2":1,"3":1,"4":1,"5":1,"6":8,"7":8,"8":8,"9":8,"10":3,"11":0,"12":8,"13":2,"14":1,"15":1,"16":1,"17":8,"18":1,"19":7,"20":1,"21":1},"f":{"0":8,"1":3,"2":2,"3":1,"4":1},"b":{"0":[1,1],"1":[1,1],"2":[0],"3":[1],"4":[1,1],"5":[1]}}
,"/Users/bagsumin/Desktop/VOIM client/src/components/menubarButton/component.tsx": {"path":"/Users/bagsumin/Desktop/VOIM client/src/components/menubarButton/component.tsx","statementMap":{"0":{"start":{"line":1,"column":0},"end":{"line":1,"column":26}},"1":{"start":{"line":2,"column":0},"end":{"line":2,"column":37}},"2":{"start":{"line":3,"column":0},"end":{"line":3,"column":35}},"3":{"start":{"line":11,"column":15},"end":{"line":24,"column":null}},"4":{"start":{"line":13,"column":8},"end":{"line":15,"column":null}},"5":{"start":{"line":17,"column":8},"end":{"line":19,"column":null}},"6":{"start":{"line":22,"column":12},"end":{"line":24,"column":null}},"7":{"start":{"line":36,"column":14},"end":{"line":36,"column":null}},"8":{"start":{"line":37,"column":8},"end":{"line":37,"column":null}},"9":{"start":{"line":38,"column":9},"end":{"line":38,"column":null}},"10":{"start":{"line":39,"column":11},"end":{"line":39,"column":null}},"11":{"start":{"line":41,"column":4},"end":{"line":50,"column":6}},"12":{"start":{"line":35,"column":0},"end":{"line":35,"column":16}}},"fnMap":{"0":{"name":"(anonymous_2)","decl":{"start":{"line":12,"column":24},"end":{"line":12,"column":25}},"loc":{"start":{"line":12,"column":30},"end":{"line":13,"column":13}}},"1":{"name":"(anonymous_3)","decl":{"start":{"line":16,"column":13},"end":{"line":16,"column":14}},"loc":{"start":{"line":16,"column":19},"end":{"line":17,"column":13}}},"2":{"name":"(anonymous_4)","decl":{"start":{"line":21,"column":28},"end":{"line":21,"column":29}},"loc":{"start":{"line":21,"column":34},"end":{"line":22,"column":17}}},"3":{"name":"MenubarButton","decl":{"start":{"line":35,"column":16},"end":{"line":35,"column":29}},"loc":{"start":{"line":40,"column":21},"end":{"line":51,"column":1}}}},"branchMap":{"0":{"loc":{"start":{"line":11,"column":28},"end":{"line":26,"column":2}},"type":"binary-expr","locations":[{"start":{"line":11,"column":28},"end":{"line":11,"column":41}},{"start":{"line":11,"column":28},"end":{"line":26,"column":2}}]},"1":{"loc":{"start":{"line":13,"column":8},"end":{"line":15,"column":41}},"type":"cond-expr","locations":[{"start":{"line":14,"column":14},"end":{"line":14,"column":41}},{"start":{"line":15,"column":14},"end":{"line":15,"column":41}}]},"2":{"loc":{"start":{"line":17,"column":8},"end":{"line":19,"column":41}},"type":"cond-expr","locations":[{"start":{"line":18,"column":14},"end":{"line":18,"column":41}},{"start":{"line":19,"column":14},"end":{"line":19,"column":41}}]},"3":{"loc":{"start":{"line":22,"column":12},"end":{"line":24,"column":45}},"type":"cond-expr","locations":[{"start":{"line":23,"column":18},"end":{"line":23,"column":45}},{"start":{"line":24,"column":18},"end":{"line":24,"column":45}}]}},"s":{"0":2,"1":2,"2":2,"3":2,"4":5,"5":5,"6":5,"7":5,"8":5,"9":5,"10":5,"11":5,"12":2},"f":{"0":5,"1":5,"2":5,"3":5},"b":{"0":[2,2],"1":[3,2],"2":[3,2],"3":[3,2]}}
,"/Users/bagsumin/Desktop/VOIM client/src/components/menubarButton/index.ts": {"path":"/Users/bagsumin/Desktop/VOIM client/src/components/menubarButton/index.ts","statementMap":{"0":{"start":{"line":1,"column":0},"end":{"line":1,"column":9}},"1":{"start":{"line":1,"column":9},"end":{"line":1,"column":44}}},"fnMap":{"0":{"name":"(anonymous_0)","decl":{"start":{"line":1,"column":9},"end":{"line":1,"column":22}},"loc":{"start":{"line":1,"column":9},"end":{"line":1,"column":44}}}},"branchMap":{},"s":{"0":1,"1":2},"f":{"0":1},"b":{}}
,"/Users/bagsumin/Desktop/VOIM client/src/components/sizeController/components.tsx": {"path":"/Users/bagsumin/Desktop/VOIM client/src/components/sizeController/components.tsx","statementMap":{"0":{"start":{"line":1,"column":0},"end":{"line":1,"column":26}},"1":{"start":{"line":2,"column":0},"end":{"line":2,"column":72}},"2":{"start":{"line":8,"column":37},"end":{"line":8,"column":60}},"3":{"start":{"line":9,"column":4},"end":{"line":17,"column":6}},"4":{"start":{"line":8,"column":0},"end":{"line":8,"column":16}}},"fnMap":{"0":{"name":"SizeController","decl":{"start":{"line":8,"column":16},"end":{"line":8,"column":30}},"loc":{"start":{"line":8,"column":60},"end":{"line":18,"column":1}}}},"branchMap":{},"s":{"0":1,"1":1,"2":2,"3":2,"4":1},"f":{"0":2},"b":{}}
,"/Users/bagsumin/Desktop/VOIM client/src/css/theme.ts": {"path":"/Users/bagsumin/Desktop/VOIM client/src/css/theme.ts","statementMap":{"0":{"start":{"line":2,"column":15},"end":{"line":34,"column":2}},"1":{"start":{"line":37,"column":13},"end":{"line":39,"column":2}},"2":{"start":{"line":72,"column":0},"end":{"line":72,"column":21}}},"fnMap":{},"branchMap":{},"s":{"0":2,"1":2,"2":2},"f":{},"b":{}}
,"/Users/bagsumin/Desktop/VOIM client/src/popup/component.tsx": {"path":"/Users/bagsumin/Desktop/VOIM client/src/popup/component.tsx","statementMap":{"0":{"start":{"line":1,"column":0},"end":{"line":1,"column":41}},"1":{"start":{"line":2,"column":0},"end":{"line":2,"column":62}},"2":{"start":{"line":3,"column":0},"end":{"line":3,"column":58}},"3":{"start":{"line":6,"column":4},"end":{"line":14,"column":6}},"4":{"start":{"line":5,"column":0},"end":{"line":5,"column":16}}},"fnMap":{"0":{"name":"Popup","decl":{"start":{"line":5,"column":16},"end":{"line":5,"column":21}},"loc":{"start":{"line":5,"column":21},"end":{"line":15,"column":1}}}},"branchMap":{},"s":{"0":1,"1":1,"2":1,"3":1,"4":1},"f":{"0":1},"b":{}}
,"/Users/bagsumin/Desktop/VOIM client/src/popup/darkmode/getDarkmode.tsx": {"path":"/Users/bagsumin/Desktop/VOIM client/src/popup/darkmode/getDarkmode.tsx","statementMap":{"0":{"start":{"line":1,"column":0},"end":{"line":1,"column":26}},"1":{"start":{"line":3,"column":20},"end":{"line":49,"column":1}},"2":{"start":{"line":4,"column":24},"end":{"line":20,"column":5}},"3":{"start":{"line":7,"column":8},"end":{"line":19,"column":11}},"4":{"start":{"line":8,"column":31},"end":{"line":8,"column":38}},"5":{"start":{"line":9,"column":12},"end":{"line":9,"column":54}},"6":{"start":{"line":9,"column":47},"end":{"line":9,"column":54}},"7":{"start":{"line":11,"column":24},"end":{"line":11,"column":44}},"8":{"start":{"line":13,"column":12},"end":{"line":18,"column":null}},"9":{"start":{"line":14,"column":16},"end":{"line":14,"column":65}},"10":{"start":{"line":16,"column":16},"end":{"line":16,"column":58}},"11":{"start":{"line":17,"column":16},"end":{"line":17,"column":46}},"12":{"start":{"line":22,"column":4},"end":{"line":48,"column":6}},"13":{"start":{"line":25,"column":31},"end":{"line":25,"column":null}},"14":{"start":{"line":33,"column":31},"end":{"line":33,"column":null}},"15":{"start":{"line":41,"column":31},"end":{"line":41,"column":null}},"16":{"start":{"line":51,"column":0},"end":{"line":51,"column":27}}},"fnMap":{"0":{"name":"(anonymous_1)","decl":{"start":{"line":3,"column":20},"end":{"line":3,"column":null}},"loc":{"start":{"line":3,"column":20},"end":{"line":49,"column":1}}},"1":{"name":"(anonymous_2)","decl":{"start":{"line":4,"column":24},"end":{"line":4,"column":null}},"loc":{"start":{"line":5,"column":75},"end":{"line":20,"column":5}}},"2":{"name":"(anonymous_3)","decl":{"start":{"line":7,"column":65},"end":{"line":7,"column":66}},"loc":{"start":{"line":7,"column":70},"end":{"line":19,"column":9}}},"3":{"name":"(anonymous_4)","decl":{"start":{"line":25,"column":25},"end":{"line":25,"column":31}},"loc":{"start":{"line":25,"column":25},"end":{"line":25,"column":42}}},"4":{"name":"(anonymous_5)","decl":{"start":{"line":33,"column":25},"end":{"line":33,"column":31}},"loc":{"start":{"line":33,"column":25},"end":{"line":33,"column":42}}},"5":{"name":"(anonymous_6)","decl":{"start":{"line":41,"column":25},"end":{"line":41,"column":31}},"loc":{"start":{"line":41,"column":25},"end":{"line":41,"column":42}}}},"branchMap":{"0":{"loc":{"start":{"line":9,"column":12},"end":{"line":9,"column":54}},"type":"if","locations":[{"start":{"line":9,"column":12},"end":{"line":9,"column":54}}]},"1":{"loc":{"start":{"line":9,"column":16},"end":{"line":9,"column":45}},"type":"binary-expr","locations":[{"start":{"line":9,"column":16},"end":{"line":9,"column":27}},{"start":{"line":9,"column":31},"end":{"line":9,"column":45}}]},"2":{"loc":{"start":{"line":11,"column":24},"end":{"line":11,"column":44}},"type":"binary-expr","locations":[{"start":{"line":11,"column":24},"end":{"line":11,"column":38}},{"start":{"line":11,"column":42},"end":{"line":11,"column":44}}]},"3":{"loc":{"start":{"line":13,"column":12},"end":{"line":18,"column":null}},"type":"if","locations":[{"start":{"line":13,"column":12},"end":{"line":18,"column":null}},{"start":{"line":15,"column":19},"end":{"line":18,"column":null}}]}},"s":{"0":1,"1":1,"2":1,"3":0,"4":0,"5":0,"6":0,"7":0,"8":0,"9":0,"10":0,"11":0,"12":1,"13":0,"14":0,"15":0,"16":1},"f":{"0":1,"1":0,"2":0,"3":0,"4":0,"5":0},"b":{"0":[0],"1":[0,0],"2":[0,0],"3":[0,0]}}
,"/Users/bagsumin/Desktop/VOIM client/src/utils/logger.ts": {"path":"/Users/bagsumin/Desktop/VOIM client/src/utils/logger.ts","statementMap":{"0":{"start":{"line":5,"column":13},"end":{"line":19,"column":2}},"1":{"start":{"line":6,"column":29},"end":{"line":6,"column":45}},"2":{"start":{"line":7,"column":8},"end":{"line":7,"column":53}},"3":{"start":{"line":10,"column":28},"end":{"line":10,"column":44}},"4":{"start":{"line":11,"column":8},"end":{"line":11,"column":51}},"5":{"start":{"line":14,"column":29},"end":{"line":14,"column":45}},"6":{"start":{"line":15,"column":8},"end":{"line":17,"column":null}},"7":{"start":{"line":16,"column":12},"end":{"line":16,"column":55}}},"fnMap":{"0":{"name":"(anonymous_1)","decl":{"start":{"line":6,"column":11},"end":{"line":6,"column":12}},"loc":{"start":{"line":6,"column":27},"end":{"line":8,"column":5}}},"1":{"name":"(anonymous_2)","decl":{"start":{"line":10,"column":10},"end":{"line":10,"column":11}},"loc":{"start":{"line":10,"column":26},"end":{"line":12,"column":5}}},"2":{"name":"(anonymous_3)","decl":{"start":{"line":14,"column":11},"end":{"line":14,"column":12}},"loc":{"start":{"line":14,"column":27},"end":{"line":18,"column":5}}}},"branchMap":{"0":{"loc":{"start":{"line":15,"column":8},"end":{"line":17,"column":null}},"type":"if","locations":[{"start":{"line":15,"column":8},"end":{"line":17,"column":null}}]}},"s":{"0":2,"1":5,"2":1,"3":4,"4":1,"5":10,"6":3,"7":2},"f":{"0":1,"1":1,"2":3},"b":{"0":[2]}}
}
