{"total": {"lines":{"total":80,"covered":68,"skipped":0,"pct":85},"statements":{"total":87,"covered":74,"skipped":0,"pct":85.05},"functions":{"total":23,"covered":18,"skipped":0,"pct":78.26},"branches":{"total":34,"covered":26,"skipped":0,"pct":76.47},"branchesTrue":{"total":0,"covered":0,"skipped":0,"pct":100}}
,"/Users/bagsumin/Desktop/VOIM client/src/background/utils/getExtensionUrl.ts": {"lines":{"total":4,"covered":4,"skipped":0,"pct":100},"functions":{"total":1,"covered":1,"skipped":0,"pct":100},"statements":{"total":4,"covered":4,"skipped":0,"pct":100},"branches":{"total":5,"covered":5,"skipped":0,"pct":100}}
,"/Users/bagsumin/Desktop/VOIM client/src/components/floatingButton/component.tsx": {"lines":{"total":7,"covered":7,"skipped":0,"pct":100},"functions":{"total":1,"covered":1,"skipped":0,"pct":100},"statements":{"total":8,"covered":8,"skipped":0,"pct":100},"branches":{"total":4,"covered":4,"skipped":0,"pct":100}}
,"/Users/bagsumin/Desktop/VOIM client/src/components/menubar/component.tsx": {"lines":{"total":19,"covered":18,"skipped":0,"pct":94.73},"functions":{"total":5,"covered":5,"skipped":0,"pct":100},"statements":{"total":22,"covered":21,"skipped":0,"pct":95.45},"branches":{"total":9,"covered":8,"skipped":0,"pct":88.88}}
,"/Users/bagsumin/Desktop/VOIM client/src/components/menubarButton/component.tsx": {"lines":{"total":13,"covered":13,"skipped":0,"pct":100},"functions":{"total":4,"covered":4,"skipped":0,"pct":100},"statements":{"total":13,"covered":13,"skipped":0,"pct":100},"branches":{"total":8,"covered":8,"skipped":0,"pct":100}}
,"/Users/bagsumin/Desktop/VOIM client/src/components/menubarButton/index.ts": {"lines":{"total":1,"covered":1,"skipped":0,"pct":100},"functions":{"total":1,"covered":1,"skipped":0,"pct":100},"statements":{"total":2,"covered":2,"skipped":0,"pct":100},"branches":{"total":0,"covered":0,"skipped":0,"pct":100}}
,"/Users/bagsumin/Desktop/VOIM client/src/components/sizeController/components.tsx": {"lines":{"total":4,"covered":4,"skipped":0,"pct":100},"functions":{"total":1,"covered":1,"skipped":0,"pct":100},"statements":{"total":5,"covered":5,"skipped":0,"pct":100},"branches":{"total":0,"covered":0,"skipped":0,"pct":100}}
,"/Users/bagsumin/Desktop/VOIM client/src/css/theme.ts": {"lines":{"total":3,"covered":3,"skipped":0,"pct":100},"functions":{"total":0,"covered":0,"skipped":0,"pct":100},"statements":{"total":3,"covered":3,"skipped":0,"pct":100},"branches":{"total":0,"covered":0,"skipped":0,"pct":100}}
,"/Users/bagsumin/Desktop/VOIM client/src/popup/component.tsx": {"lines":{"total":5,"covered":5,"skipped":0,"pct":100},"functions":{"total":1,"covered":1,"skipped":0,"pct":100},"statements":{"total":5,"covered":5,"skipped":0,"pct":100},"branches":{"total":0,"covered":0,"skipped":0,"pct":100}}
,"/Users/bagsumin/Desktop/VOIM client/src/popup/darkmode/getDarkmode.tsx": {"lines":{"total":16,"covered":5,"skipped":0,"pct":31.25},"functions":{"total":6,"covered":1,"skipped":0,"pct":16.66},"statements":{"total":17,"covered":5,"skipped":0,"pct":29.41},"branches":{"total":7,"covered":0,"skipped":0,"pct":0}}
,"/Users/bagsumin/Desktop/VOIM client/src/utils/logger.ts": {"lines":{"total":8,"covered":8,"skipped":0,"pct":100},"functions":{"total":3,"covered":3,"skipped":0,"pct":100},"statements":{"total":8,"covered":8,"skipped":0,"pct":100},"branches":{"total":1,"covered":1,"skipped":0,"pct":100}}
}
