TN:
SF:src/background/utils/getExtensionUrl.ts
FN:1,getExtensionUrl
FNF:1
FNH:1
FNDA:20,getExtensionUrl
DA:1,4
DA:2,20
DA:7,1
DA:9,19
LF:4
LH:4
BRDA:2,0,0,1
BRDA:2,0,1,19
BRDA:3,1,0,20
BRDA:3,1,1,15
BRDA:3,1,2,15
BRF:5
BRH:5
end_of_record
TN:
SF:src/components/floatingButton/component.tsx
FN:34,FloatingButton
FNF:1
FNH:1
FNDA:2,FloatingButton
DA:1,1
DA:2,1
DA:3,1
DA:9,1
DA:26,1
DA:34,2
DA:35,2
LF:7
LH:7
BRDA:9,0,0,1
BRDA:9,0,1,1
BRDA:26,1,0,1
BRDA:26,1,1,1
BRF:4
BRH:4
end_of_record
TN:
SF:src/components/menubar/component.tsx
FN:37,Menubar
FN:38,(anonymous_3)
FN:44,(anonymous_4)
FN:49,(anonymous_5)
FN:54,(anonymous_6)
FNF:5
FNH:5
FNDA:8,Menubar
FNDA:3,(anonymous_3)
FNDA:2,(anonymous_4)
FNDA:1,(anonymous_5)
FNDA:1,(anonymous_6)
DA:1,1
DA:2,1
DA:3,1
DA:4,1
DA:12,1
DA:25,1
DA:37,8
DA:38,8
DA:39,3
DA:40,0
DA:44,8
DA:45,2
DA:50,1
DA:51,1
DA:55,1
DA:59,8
DA:60,1
DA:63,7
DA:88,1
LF:19
LH:18
BRDA:12,0,0,1
BRDA:12,0,1,1
BRDA:25,1,0,1
BRDA:25,1,1,1
BRDA:39,2,0,0
BRDA:50,3,0,1
BRDA:50,4,0,1
BRDA:50,4,1,1
BRDA:59,5,0,1
BRF:9
BRH:8
end_of_record
TN:
SF:src/components/menubarButton/component.tsx
FN:12,(anonymous_2)
FN:16,(anonymous_3)
FN:21,(anonymous_4)
FN:35,MenubarButton
FNF:4
FNH:4
FNDA:5,(anonymous_2)
FNDA:5,(anonymous_3)
FNDA:5,(anonymous_4)
FNDA:5,MenubarButton
DA:1,2
DA:2,2
DA:3,2
DA:11,2
DA:13,5
DA:17,5
DA:22,5
DA:35,2
DA:36,5
DA:37,5
DA:38,5
DA:39,5
DA:41,5
LF:13
LH:13
BRDA:11,0,0,2
BRDA:11,0,1,2
BRDA:13,1,0,3
BRDA:13,1,1,2
BRDA:17,2,0,3
BRDA:17,2,1,2
BRDA:22,3,0,3
BRDA:22,3,1,2
BRF:8
BRH:8
end_of_record
TN:
SF:src/components/menubarButton/index.ts
FN:1,(anonymous_0)
FNF:1
FNH:1
FNDA:1,(anonymous_0)
DA:1,2
LF:1
LH:1
BRF:0
BRH:0
end_of_record
TN:
SF:src/components/sizeController/components.tsx
FN:8,SizeController
FNF:1
FNH:1
FNDA:2,SizeController
DA:1,1
DA:2,1
DA:8,2
DA:9,2
LF:4
LH:4
BRF:0
BRH:0
end_of_record
TN:
SF:src/css/theme.ts
FNF:0
FNH:0
DA:2,2
DA:37,2
DA:72,2
LF:3
LH:3
BRF:0
BRH:0
end_of_record
TN:
SF:src/popup/component.tsx
FN:5,Popup
FNF:1
FNH:1
FNDA:1,Popup
DA:1,1
DA:2,1
DA:3,1
DA:5,1
DA:6,1
LF:5
LH:5
BRF:0
BRH:0
end_of_record
TN:
SF:src/popup/darkmode/getDarkmode.tsx
FN:3,(anonymous_1)
FN:4,(anonymous_2)
FN:7,(anonymous_3)
FN:25,(anonymous_4)
FN:33,(anonymous_5)
FN:41,(anonymous_6)
FNF:6
FNH:1
FNDA:1,(anonymous_1)
FNDA:0,(anonymous_2)
FNDA:0,(anonymous_3)
FNDA:0,(anonymous_4)
FNDA:0,(anonymous_5)
FNDA:0,(anonymous_6)
DA:1,1
DA:3,1
DA:4,1
DA:7,0
DA:8,0
DA:9,0
DA:11,0
DA:13,0
DA:14,0
DA:16,0
DA:17,0
DA:22,1
DA:25,0
DA:33,0
DA:41,0
DA:51,1
LF:16
LH:5
BRDA:9,0,0,0
BRDA:9,1,0,0
BRDA:9,1,1,0
BRDA:11,2,0,0
BRDA:11,2,1,0
BRDA:13,3,0,0
BRDA:13,3,1,0
BRF:7
BRH:0
end_of_record
TN:
SF:src/utils/logger.ts
FN:6,(anonymous_1)
FN:10,(anonymous_2)
FN:14,(anonymous_3)
FNF:3
FNH:3
FNDA:1,(anonymous_1)
FNDA:1,(anonymous_2)
FNDA:3,(anonymous_3)
DA:5,2
DA:6,5
DA:7,1
DA:10,4
DA:11,1
DA:14,10
DA:15,3
DA:16,2
LF:8
LH:8
BRDA:15,0,0,2
BRF:1
BRH:1
end_of_record
